<?xml version="1.0" encoding="UTF-8"?>
<testng-results skipped="0" failed="0" ignored="0" total="1" passed="1">
  <reporter-output>
  </reporter-output>
  <suite name="AntJenkinsTestSuite" duration-ms="14695" started-at="2021-03-29T00:40:28 MESZ" finished-at="2021-03-29T00:40:43 MESZ">
    <groups>
    </groups>
    <test name="First Test" duration-ms="14695" started-at="2021-03-29T00:40:28 MESZ" finished-at="2021-03-29T00:40:43 MESZ">
      <class name="myPackage.SmokeTest">
        <test-method status="PASS" signature="loginTest()[pri:0, instance:myPackage.SmokeTest@4b9e13df]" name="loginTest" duration-ms="14668" started-at="2021-03-29T00:40:28 MESZ" finished-at="2021-03-29T00:40:43 MESZ">
          <reporter-output>
          </reporter-output>
        </test-method> <!-- loginTest -->
      </class> <!-- myPackage.SmokeTest -->
    </test> <!-- First Test -->
  </suite> <!-- AntJenkinsTestSuite -->
</testng-results>
